[17061] 27 Dec 06:56:21 # Warning: no config file specified, using the default config. In order to specify a config file use 'redis-server /path/to/redis.conf'
[17061] 27 Dec 06:56:21 * Server started, Redis version 2.4.10
[17061] 27 Dec 06:56:21 # WARNING overcommit_memory is set to 0! Background save may fail under low memory condition. To fix this issue add 'vm.overcommit_memory = 1' to /etc/sysctl.conf and then reboot or run the command 'sysctl vm.overcommit_memory=1' for this to take effect.
[17061] 27 Dec 06:56:21 * DB loaded from disk: 0 seconds
[17061] 27 Dec 06:56:21 * The server is now ready to accept connections on port 6379
[17061] 27 Dec 06:56:21 - 0 clients connected (0 slaves), 717496 bytes in use
[17061] 27 Dec 06:56:26 - 0 clients connected (0 slaves), 717496 bytes in use
[17061] 27 Dec 06:56:31 - 0 clients connected (0 slaves), 717496 bytes in use
[17061] 27 Dec 06:56:36 - 0 clients connected (0 slaves), 717496 bytes in use
[17061] 27 Dec 06:56:41 - 0 clients connected (0 slaves), 717496 bytes in use
[17061] 27 Dec 06:56:44 - Accepted 127.0.0.1:50390
[17061] 27 Dec 06:56:44 - Accepted 127.0.0.1:50391
[17061] 27 Dec 06:56:46 - DB 0: 1 keys (0 volatile) in 4 slots HT.
[17061] 27 Dec 06:56:46 - 2 clients connected (0 slaves), 735464 bytes in use
[17061] 27 Dec 06:56:51 - DB 0: 1 keys (0 volatile) in 4 slots HT.
[17061] 27 Dec 06:56:51 - 2 clients connected (0 slaves), 735464 bytes in use
[17061] 27 Dec 06:56:56 - DB 0: 1 keys (0 volatile) in 4 slots HT.
[17061] 27 Dec 06:56:56 - 2 clients connected (0 slaves), 735464 bytes in use
[17061] 27 Dec 06:57:01 - DB 0: 1 keys (0 volatile) in 4 slots HT.
[17061] 27 Dec 06:57:01 - 2 clients connected (0 slaves), 735464 bytes in use
[17061] 27 Dec 06:57:06 - DB 0: 1 keys (0 volatile) in 4 slots HT.
[17061] 27 Dec 06:57:06 - 2 clients connected (0 slaves), 735464 bytes in use
[17061] 27 Dec 06:57:11 - DB 0: 1 keys (0 volatile) in 4 slots HT.
[17061] 27 Dec 06:57:11 - 2 clients connected (0 slaves), 735464 bytes in use
[17061] 27 Dec 06:57:16 - DB 0: 1 keys (0 volatile) in 4 slots HT.
[17061] 27 Dec 06:57:16 - 2 clients connected (0 slaves), 735464 bytes in use
[17061] 27 Dec 06:57:21 - DB 0: 1 keys (0 volatile) in 4 slots HT.
[17061] 27 Dec 06:57:21 - 2 clients connected (0 slaves), 735464 bytes in use
[17061] 27 Dec 06:57:27 - DB 0: 1 keys (0 volatile) in 4 slots HT.
[17061] 27 Dec 06:57:27 - 2 clients connected (0 slaves), 735464 bytes in use
[17061] 27 Dec 06:57:32 - DB 0: 1 keys (0 volatile) in 4 slots HT.
[17061] 27 Dec 06:57:32 - 2 clients connected (0 slaves), 735464 bytes in use
[17061] 27 Dec 06:57:37 - DB 0: 1 keys (0 volatile) in 4 slots HT.
[17061] 27 Dec 06:57:37 - 2 clients connected (0 slaves), 735464 bytes in use
[17061] 27 Dec 06:57:42 - DB 0: 1 keys (0 volatile) in 4 slots HT.
[17061] 27 Dec 06:57:42 - 2 clients connected (0 slaves), 735464 bytes in use
[17061] 27 Dec 06:57:47 - DB 0: 1 keys (0 volatile) in 4 slots HT.
[17061] 27 Dec 06:57:47 - 2 clients connected (0 slaves), 735464 bytes in use
[17061] 27 Dec 06:57:52 - DB 0: 1 keys (0 volatile) in 4 slots HT.
[17061] 27 Dec 06:57:52 - 2 clients connected (0 slaves), 735464 bytes in use
[17061] 27 Dec 06:57:57 - DB 0: 1 keys (0 volatile) in 4 slots HT.
[17061] 27 Dec 06:57:57 - 2 clients connected (0 slaves), 735464 bytes in use
[17061] 27 Dec 06:58:02 - DB 0: 1 keys (0 volatile) in 4 slots HT.
[17061] 27 Dec 06:58:02 - 2 clients connected (0 slaves), 735464 bytes in use
[17061] 27 Dec 06:58:07 - DB 0: 1 keys (0 volatile) in 4 slots HT.
[17061] 27 Dec 06:58:07 - 2 clients connected (0 slaves), 735464 bytes in use
[17061] 27 Dec 06:58:12 - DB 0: 1 keys (0 volatile) in 4 slots HT.
[17061] 27 Dec 06:58:12 - 2 clients connected (0 slaves), 735464 bytes in use
[17061] 27 Dec 06:58:17 - DB 0: 1 keys (0 volatile) in 4 slots HT.
[17061] 27 Dec 06:58:17 - 2 clients connected (0 slaves), 735464 bytes in use
[17061] 27 Dec 06:58:22 - DB 0: 1 keys (0 volatile) in 4 slots HT.
[17061] 27 Dec 06:58:22 - 2 clients connected (0 slaves), 735464 bytes in use
[17061] 27 Dec 06:58:27 - DB 0: 1 keys (0 volatile) in 4 slots HT.
[17061] 27 Dec 06:58:27 - 2 clients connected (0 slaves), 735464 bytes in use
[17061] 27 Dec 06:58:32 - DB 0: 1 keys (0 volatile) in 4 slots HT.
[17061] 27 Dec 06:58:32 - 2 clients connected (0 slaves), 735464 bytes in use
[17061] 27 Dec 06:58:37 - DB 0: 1 keys (0 volatile) in 4 slots HT.
[17061] 27 Dec 06:58:37 - 2 clients connected (0 slaves), 735464 bytes in use
[17061] 27 Dec 06:58:42 - DB 0: 1 keys (0 volatile) in 4 slots HT.
[17061] 27 Dec 06:58:42 - 2 clients connected (0 slaves), 735464 bytes in use
[17061] 27 Dec 06:58:47 - DB 0: 1 keys (0 volatile) in 4 slots HT.
[17061] 27 Dec 06:58:47 - 2 clients connected (0 slaves), 735464 bytes in use
[17061] 27 Dec 06:58:52 - DB 0: 1 keys (0 volatile) in 4 slots HT.
[17061] 27 Dec 06:58:52 - 2 clients connected (0 slaves), 735464 bytes in use
[17061] 27 Dec 06:58:57 - DB 0: 1 keys (0 volatile) in 4 slots HT.
[17061] 27 Dec 06:58:57 - 2 clients connected (0 slaves), 735464 bytes in use
[17061] 27 Dec 06:59:02 - DB 0: 1 keys (0 volatile) in 4 slots HT.
[17061] 27 Dec 06:59:02 - 2 clients connected (0 slaves), 735464 bytes in use
[17061] 27 Dec 06:59:07 - DB 0: 1 keys (0 volatile) in 4 slots HT.
[17061] 27 Dec 06:59:07 - 2 clients connected (0 slaves), 735464 bytes in use
[17061] 27 Dec 06:59:12 - DB 0: 1 keys (0 volatile) in 4 slots HT.
[17061] 27 Dec 06:59:12 - 2 clients connected (0 slaves), 735464 bytes in use
[17061] 27 Dec 06:59:17 - DB 0: 1 keys (0 volatile) in 4 slots HT.
[17061] 27 Dec 06:59:17 - 2 clients connected (0 slaves), 735464 bytes in use
[17061] 27 Dec 06:59:21 - Accepted 127.0.0.1:50392
[17061] 27 Dec 06:59:21 - Client closed connection
[17061] 27 Dec 06:59:21 - Accepted 127.0.0.1:50393
[17061] 27 Dec 06:59:21 - Client closed connection
[17061] 27 Dec 06:59:21 - Client closed connection
[17061] 27 Dec 06:59:21 - Client closed connection
[17061] 27 Dec 06:59:22 - 0 clients connected (0 slaves), 717560 bytes in use
[17061] 27 Dec 06:59:27 - 0 clients connected (0 slaves), 717560 bytes in use
[17061] 27 Dec 06:59:32 - 0 clients connected (0 slaves), 717560 bytes in use
[17061] 27 Dec 06:59:37 - 0 clients connected (0 slaves), 717560 bytes in use
[17061] 27 Dec 06:59:42 - 0 clients connected (0 slaves), 717560 bytes in use
[17061] 27 Dec 06:59:47 - 0 clients connected (0 slaves), 717560 bytes in use
[17061] 27 Dec 06:59:52 - 0 clients connected (0 slaves), 717560 bytes in use
[17061] 27 Dec 06:59:57 - 0 clients connected (0 slaves), 717560 bytes in use
[17061] 27 Dec 07:00:02 - 0 clients connected (0 slaves), 717560 bytes in use
[17061] 27 Dec 07:00:07 - 0 clients connected (0 slaves), 717560 bytes in use
[17061] 27 Dec 07:00:12 - 0 clients connected (0 slaves), 717560 bytes in use
[17061] 27 Dec 07:00:17 - 0 clients connected (0 slaves), 717560 bytes in use
[17061] 27 Dec 07:00:22 - 0 clients connected (0 slaves), 717560 bytes in use
[17061] 27 Dec 07:00:27 - 0 clients connected (0 slaves), 717560 bytes in use
[17061] 27 Dec 07:00:32 - 0 clients connected (0 slaves), 717560 bytes in use
[17061] 27 Dec 07:00:37 - 0 clients connected (0 slaves), 717560 bytes in use
[17061] 27 Dec 07:00:42 - 0 clients connected (0 slaves), 717560 bytes in use
[17061] 27 Dec 07:00:47 - 0 clients connected (0 slaves), 717560 bytes in use
[17061] 27 Dec 07:00:52 - 0 clients connected (0 slaves), 717560 bytes in use
[17061] 27 Dec 07:00:57 - 0 clients connected (0 slaves), 717560 bytes in use
[17061] 27 Dec 07:01:02 - 0 clients connected (0 slaves), 717560 bytes in use
[17061] 27 Dec 07:01:07 - 0 clients connected (0 slaves), 717560 bytes in use
[17061] 27 Dec 07:01:12 - 0 clients connected (0 slaves), 717560 bytes in use
[17061] 27 Dec 07:01:17 - 0 clients connected (0 slaves), 717560 bytes in use
[17061] 27 Dec 07:01:22 - 0 clients connected (0 slaves), 717560 bytes in use
[17061] 27 Dec 07:01:27 - 0 clients connected (0 slaves), 717560 bytes in use
[17061] 27 Dec 07:01:32 - 0 clients connected (0 slaves), 717560 bytes in use
[17061] 27 Dec 07:01:37 - 0 clients connected (0 slaves), 717560 bytes in use
[17061] 27 Dec 07:01:42 - 0 clients connected (0 slaves), 717560 bytes in use
[17061] 27 Dec 07:01:47 - 0 clients connected (0 slaves), 717560 bytes in use
[17061] 27 Dec 07:01:52 - 0 clients connected (0 slaves), 717560 bytes in use
[17061] 27 Dec 07:01:57 - 0 clients connected (0 slaves), 717560 bytes in use
[17061] 27 Dec 07:02:02 - 0 clients connected (0 slaves), 717560 bytes in use
[17061] 27 Dec 07:02:07 - 0 clients connected (0 slaves), 717560 bytes in use
[17061] 27 Dec 07:02:12 - 0 clients connected (0 slaves), 717560 bytes in use
[17061] 27 Dec 07:02:17 - 0 clients connected (0 slaves), 717560 bytes in use
[17061] 27 Dec 07:02:22 - 0 clients connected (0 slaves), 717560 bytes in use
[17061] 27 Dec 07:02:27 - 0 clients connected (0 slaves), 717560 bytes in use
[17061] 27 Dec 07:02:32 - 0 clients connected (0 slaves), 717560 bytes in use
[17061] 27 Dec 07:02:33 # Received SIGTERM, scheduling shutdown...
[17061] 27 Dec 07:02:33 # User requested shutdown...
[17061] 27 Dec 07:02:33 * Saving the final RDB snapshot before exiting.
[17061] 27 Dec 07:02:33 * DB saved on disk
[17061] 27 Dec 07:02:33 # Redis is now ready to exit, bye bye...
[17428] 27 Dec 07:02:42 # Warning: no config file specified, using the default config. In order to specify a config file use 'redis-server /path/to/redis.conf'
[17428] 27 Dec 07:02:42 * Server started, Redis version 2.4.10
[17428] 27 Dec 07:02:42 # WARNING overcommit_memory is set to 0! Background save may fail under low memory condition. To fix this issue add 'vm.overcommit_memory = 1' to /etc/sysctl.conf and then reboot or run the command 'sysctl vm.overcommit_memory=1' for this to take effect.
[17428] 27 Dec 07:02:42 * DB loaded from disk: 0 seconds
[17428] 27 Dec 07:02:42 * The server is now ready to accept connections on port 6379
[17428] 27 Dec 07:02:42 - 0 clients connected (0 slaves), 717496 bytes in use
[17428] 27 Dec 07:02:47 - 0 clients connected (0 slaves), 717496 bytes in use
[17428] 27 Dec 07:02:52 - 0 clients connected (0 slaves), 717496 bytes in use
[17428] 27 Dec 07:02:57 - 0 clients connected (0 slaves), 717496 bytes in use
[17428] 27 Dec 07:03:02 - 0 clients connected (0 slaves), 717496 bytes in use
[17428] 27 Dec 07:03:07 - 0 clients connected (0 slaves), 717496 bytes in use
[17428] 27 Dec 07:03:12 - 0 clients connected (0 slaves), 717496 bytes in use
[17428] 27 Dec 07:03:17 - 0 clients connected (0 slaves), 717496 bytes in use
[17428] 27 Dec 07:03:19 # Received SIGTERM, scheduling shutdown...
[17428] 27 Dec 07:03:19 # User requested shutdown...
[17428] 27 Dec 07:03:19 * Saving the final RDB snapshot before exiting.
[17428] 27 Dec 07:03:19 * DB saved on disk
[17428] 27 Dec 07:03:19 # Redis is now ready to exit, bye bye...
[17776] 27 Dec 07:07:23 # Warning: no config file specified, using the default config. In order to specify a config file use 'redis-server /path/to/redis.conf'
[17776] 27 Dec 07:07:23 * Server started, Redis version 2.4.10
[17776] 27 Dec 07:07:23 # WARNING overcommit_memory is set to 0! Background save may fail under low memory condition. To fix this issue add 'vm.overcommit_memory = 1' to /etc/sysctl.conf and then reboot or run the command 'sysctl vm.overcommit_memory=1' for this to take effect.
[17776] 27 Dec 07:07:23 * DB loaded from disk: 0 seconds
[17776] 27 Dec 07:07:23 * The server is now ready to accept connections on port 6379
[17776] 27 Dec 07:07:23 - 0 clients connected (0 slaves), 717496 bytes in use
[17776] 27 Dec 07:07:28 - 0 clients connected (0 slaves), 717496 bytes in use
[17776] 27 Dec 07:07:33 - 0 clients connected (0 slaves), 717496 bytes in use
[17776] 27 Dec 07:07:38 - 0 clients connected (0 slaves), 717496 bytes in use
[17776] 27 Dec 07:07:41 - Accepted 127.0.0.1:50409
[17776] 27 Dec 07:07:41 - Accepted 127.0.0.1:50410
[17776] 27 Dec 07:07:43 - DB 0: 1 keys (0 volatile) in 4 slots HT.
[17776] 27 Dec 07:07:43 - 2 clients connected (0 slaves), 735464 bytes in use
[17776] 27 Dec 07:07:48 - DB 0: 1 keys (0 volatile) in 4 slots HT.
[17776] 27 Dec 07:07:48 - 2 clients connected (0 slaves), 735464 bytes in use
[17776] 27 Dec 07:07:52 - Accepted 127.0.0.1:50411
[17776] 27 Dec 07:07:52 - Accepted 127.0.0.1:50412
[17776] 27 Dec 07:07:53 - DB 0: 1 keys (0 volatile) in 4 slots HT.
[17776] 27 Dec 07:07:53 - 4 clients connected (0 slaves), 753064 bytes in use
[17776] 27 Dec 07:07:58 - DB 0: 1 keys (0 volatile) in 4 slots HT.
[17776] 27 Dec 07:07:58 - 4 clients connected (0 slaves), 753064 bytes in use
[17776] 27 Dec 07:08:03 - DB 0: 1 keys (0 volatile) in 4 slots HT.
[17776] 27 Dec 07:08:03 - 4 clients connected (0 slaves), 753064 bytes in use
[17776] 27 Dec 07:08:08 - DB 0: 1 keys (0 volatile) in 4 slots HT.
[17776] 27 Dec 07:08:08 - 4 clients connected (0 slaves), 753064 bytes in use
[17776] 27 Dec 07:08:13 - DB 0: 1 keys (0 volatile) in 4 slots HT.
[17776] 27 Dec 07:08:13 - 4 clients connected (0 slaves), 753064 bytes in use
[17776] 27 Dec 07:08:18 - DB 0: 1 keys (0 volatile) in 4 slots HT.
[17776] 27 Dec 07:08:18 - 4 clients connected (0 slaves), 753064 bytes in use
[17776] 27 Dec 07:08:23 - DB 0: 1 keys (0 volatile) in 4 slots HT.
[17776] 27 Dec 07:08:23 - 4 clients connected (0 slaves), 753064 bytes in use
[17776] 27 Dec 07:08:28 - DB 0: 1 keys (0 volatile) in 4 slots HT.
[17776] 27 Dec 07:08:28 - 4 clients connected (0 slaves), 753064 bytes in use
[17776] 27 Dec 07:08:33 - DB 0: 1 keys (0 volatile) in 4 slots HT.
[17776] 27 Dec 07:08:33 - 4 clients connected (0 slaves), 753064 bytes in use
[17776] 27 Dec 07:08:38 - DB 0: 1 keys (0 volatile) in 4 slots HT.
[17776] 27 Dec 07:08:38 - 4 clients connected (0 slaves), 753064 bytes in use
[17776] 27 Dec 07:08:43 - DB 0: 1 keys (0 volatile) in 4 slots HT.
[17776] 27 Dec 07:08:43 - 4 clients connected (0 slaves), 753064 bytes in use
[17776] 27 Dec 07:08:48 - DB 0: 1 keys (0 volatile) in 4 slots HT.
[17776] 27 Dec 07:08:48 - 4 clients connected (0 slaves), 753064 bytes in use
[17776] 27 Dec 07:08:53 - DB 0: 1 keys (0 volatile) in 4 slots HT.
[17776] 27 Dec 07:08:53 - 4 clients connected (0 slaves), 753064 bytes in use
[17776] 27 Dec 07:08:58 - DB 0: 1 keys (0 volatile) in 4 slots HT.
[17776] 27 Dec 07:08:58 - 4 clients connected (0 slaves), 753064 bytes in use
[17776] 27 Dec 07:09:03 - DB 0: 1 keys (0 volatile) in 4 slots HT.
[17776] 27 Dec 07:09:03 - 4 clients connected (0 slaves), 753064 bytes in use
[17776] 27 Dec 07:09:08 - DB 0: 1 keys (0 volatile) in 4 slots HT.
[17776] 27 Dec 07:09:08 - 4 clients connected (0 slaves), 753064 bytes in use
[17776] 27 Dec 07:09:13 - DB 0: 1 keys (0 volatile) in 4 slots HT.
[17776] 27 Dec 07:09:13 - 4 clients connected (0 slaves), 753064 bytes in use
[17776] 27 Dec 07:09:18 - DB 0: 1 keys (0 volatile) in 4 slots HT.
[17776] 27 Dec 07:09:18 - 4 clients connected (0 slaves), 753064 bytes in use
[17776] 27 Dec 07:09:21 - Accepted 127.0.0.1:50413
[17776] 27 Dec 07:09:21 - Client closed connection
[17776] 27 Dec 07:09:21 - Accepted 127.0.0.1:50414
[17776] 27 Dec 07:09:21 - Client closed connection
[17776] 27 Dec 07:09:21 - Client closed connection
[17776] 27 Dec 07:09:21 - Client closed connection
[17776] 27 Dec 07:09:23 - DB 0: 1 keys (0 volatile) in 4 slots HT.
[17776] 27 Dec 07:09:23 - 2 clients connected (0 slaves), 735464 bytes in use
[17776] 27 Dec 07:09:28 - DB 0: 1 keys (0 volatile) in 4 slots HT.
[17776] 27 Dec 07:09:28 - 2 clients connected (0 slaves), 735464 bytes in use
[17776] 27 Dec 07:09:33 - DB 0: 1 keys (0 volatile) in 4 slots HT.
[17776] 27 Dec 07:09:33 - 2 clients connected (0 slaves), 735464 bytes in use
[17776] 27 Dec 07:09:38 - DB 0: 1 keys (0 volatile) in 4 slots HT.
[17776] 27 Dec 07:09:38 - 2 clients connected (0 slaves), 735464 bytes in use
[17776] 27 Dec 07:09:43 - DB 0: 1 keys (0 volatile) in 4 slots HT.
[17776] 27 Dec 07:09:43 - 2 clients connected (0 slaves), 735464 bytes in use
[17776] 27 Dec 07:09:48 - DB 0: 1 keys (0 volatile) in 4 slots HT.
[17776] 27 Dec 07:09:48 - 2 clients connected (0 slaves), 735464 bytes in use
[17776] 27 Dec 07:09:53 - DB 0: 1 keys (0 volatile) in 4 slots HT.
[17776] 27 Dec 07:09:53 - 2 clients connected (0 slaves), 735464 bytes in use
[17776] 27 Dec 07:09:58 - DB 0: 1 keys (0 volatile) in 4 slots HT.
[17776] 27 Dec 07:09:58 - 2 clients connected (0 slaves), 735464 bytes in use
[17776] 27 Dec 07:10:03 - DB 0: 1 keys (0 volatile) in 4 slots HT.
[17776] 27 Dec 07:10:03 - 2 clients connected (0 slaves), 735464 bytes in use
[17776] 27 Dec 07:10:08 - DB 0: 1 keys (0 volatile) in 4 slots HT.
[17776] 27 Dec 07:10:08 - 2 clients connected (0 slaves), 735464 bytes in use
[17776] 27 Dec 07:10:13 - DB 0: 1 keys (0 volatile) in 4 slots HT.
[17776] 27 Dec 07:10:13 - 2 clients connected (0 slaves), 735464 bytes in use
[17776] 27 Dec 07:10:18 - DB 0: 1 keys (0 volatile) in 4 slots HT.
[17776] 27 Dec 07:10:18 - 2 clients connected (0 slaves), 735464 bytes in use
[17776] 27 Dec 07:10:23 - DB 0: 1 keys (0 volatile) in 4 slots HT.
[17776] 27 Dec 07:10:23 - 2 clients connected (0 slaves), 735464 bytes in use
[17776] 27 Dec 07:10:28 - DB 0: 1 keys (0 volatile) in 4 slots HT.
[17776] 27 Dec 07:10:28 - 2 clients connected (0 slaves), 735464 bytes in use
[17776] 27 Dec 07:10:33 - DB 0: 1 keys (0 volatile) in 4 slots HT.
[17776] 27 Dec 07:10:33 - 2 clients connected (0 slaves), 735464 bytes in use
[17776] 27 Dec 07:10:38 - DB 0: 1 keys (0 volatile) in 4 slots HT.
[17776] 27 Dec 07:10:38 - 2 clients connected (0 slaves), 735464 bytes in use
[17776] 27 Dec 07:10:43 - DB 0: 1 keys (0 volatile) in 4 slots HT.
[17776] 27 Dec 07:10:43 - 2 clients connected (0 slaves), 735464 bytes in use
[17776] 27 Dec 07:10:48 - DB 0: 1 keys (0 volatile) in 4 slots HT.
[17776] 27 Dec 07:10:48 - 2 clients connected (0 slaves), 735464 bytes in use
[17776] 27 Dec 07:10:53 - DB 0: 1 keys (0 volatile) in 4 slots HT.
[17776] 27 Dec 07:10:53 - 2 clients connected (0 slaves), 735464 bytes in use
[17776] 27 Dec 07:10:58 - DB 0: 1 keys (0 volatile) in 4 slots HT.
[17776] 27 Dec 07:10:58 - 2 clients connected (0 slaves), 735464 bytes in use
[17776] 27 Dec 07:11:03 - DB 0: 1 keys (0 volatile) in 4 slots HT.
[17776] 27 Dec 07:11:03 - 2 clients connected (0 slaves), 735464 bytes in use
[17776] 27 Dec 07:11:08 - DB 0: 1 keys (0 volatile) in 4 slots HT.
[17776] 27 Dec 07:11:08 - 2 clients connected (0 slaves), 735464 bytes in use
[17776] 27 Dec 07:11:13 - DB 0: 1 keys (0 volatile) in 4 slots HT.
[17776] 27 Dec 07:11:13 - 2 clients connected (0 slaves), 735464 bytes in use
[17776] 27 Dec 07:11:18 - DB 0: 1 keys (0 volatile) in 4 slots HT.
[17776] 27 Dec 07:11:18 - 2 clients connected (0 slaves), 735464 bytes in use
[17776] 27 Dec 07:11:23 - DB 0: 1 keys (0 volatile) in 4 slots HT.
[17776] 27 Dec 07:11:23 - 2 clients connected (0 slaves), 735464 bytes in use
[17776] 27 Dec 07:11:28 - DB 0: 1 keys (0 volatile) in 4 slots HT.
[17776] 27 Dec 07:11:28 - 2 clients connected (0 slaves), 735464 bytes in use
[17776] 27 Dec 07:11:33 - DB 0: 1 keys (0 volatile) in 4 slots HT.
[17776] 27 Dec 07:11:33 - 2 clients connected (0 slaves), 735464 bytes in use
[17776] 27 Dec 07:11:38 - DB 0: 1 keys (0 volatile) in 4 slots HT.
[17776] 27 Dec 07:11:38 - 2 clients connected (0 slaves), 735464 bytes in use
[17776] 27 Dec 07:11:43 - DB 0: 1 keys (0 volatile) in 4 slots HT.
[17776] 27 Dec 07:11:43 - 2 clients connected (0 slaves), 735464 bytes in use
[17776] 27 Dec 07:11:48 - DB 0: 1 keys (0 volatile) in 4 slots HT.
[17776] 27 Dec 07:11:48 - 2 clients connected (0 slaves), 735464 bytes in use
[17776] 27 Dec 07:11:53 - DB 0: 1 keys (0 volatile) in 4 slots HT.
[17776] 27 Dec 07:11:53 - 2 clients connected (0 slaves), 735464 bytes in use
[17776] 27 Dec 07:11:58 - DB 0: 1 keys (0 volatile) in 4 slots HT.
[17776] 27 Dec 07:11:58 - 2 clients connected (0 slaves), 735464 bytes in use
[17776] 27 Dec 07:12:03 - DB 0: 1 keys (0 volatile) in 4 slots HT.
[17776] 27 Dec 07:12:03 - 2 clients connected (0 slaves), 735464 bytes in use
[17776] 27 Dec 07:12:08 - DB 0: 1 keys (0 volatile) in 4 slots HT.
[17776] 27 Dec 07:12:08 - 2 clients connected (0 slaves), 735464 bytes in use
[17776] 27 Dec 07:12:13 - DB 0: 1 keys (0 volatile) in 4 slots HT.
[17776] 27 Dec 07:12:13 - 2 clients connected (0 slaves), 735464 bytes in use
[17776] 27 Dec 07:12:18 - DB 0: 1 keys (0 volatile) in 4 slots HT.
[17776] 27 Dec 07:12:18 - 2 clients connected (0 slaves), 735464 bytes in use
[17776] 27 Dec 07:12:23 - DB 0: 1 keys (0 volatile) in 4 slots HT.
[17776] 27 Dec 07:12:23 - 2 clients connected (0 slaves), 735464 bytes in use
[17776] 27 Dec 07:12:25 - Accepted 127.0.0.1:50415
[17776] 27 Dec 07:12:25 - Accepted 127.0.0.1:50416
[17776] 27 Dec 07:12:28 - DB 0: 1 keys (0 volatile) in 4 slots HT.
[17776] 27 Dec 07:12:28 - 4 clients connected (0 slaves), 753064 bytes in use
[17776] 27 Dec 07:12:30 - Accepted 127.0.0.1:50417
[17776] 27 Dec 07:12:30 - Client closed connection
[17776] 27 Dec 07:12:30 - Accepted 127.0.0.1:50418
[17776] 27 Dec 07:12:30 - Client closed connection
[17776] 27 Dec 07:12:30 - Client closed connection
[17776] 27 Dec 07:12:30 - Client closed connection
[17776] 27 Dec 07:12:33 - DB 0: 1 keys (0 volatile) in 4 slots HT.
[17776] 27 Dec 07:12:33 - 2 clients connected (0 slaves), 735464 bytes in use
[17776] 27 Dec 07:12:38 - Accepted 127.0.0.1:50419
[17776] 27 Dec 07:12:38 - Accepted 127.0.0.1:50420
[17776] 27 Dec 07:12:38 - DB 0: 1 keys (0 volatile) in 4 slots HT.
[17776] 27 Dec 07:12:38 - 4 clients connected (0 slaves), 753064 bytes in use
[17776] 27 Dec 07:12:43 - DB 0: 1 keys (0 volatile) in 4 slots HT.
[17776] 27 Dec 07:12:43 - 4 clients connected (0 slaves), 753064 bytes in use
[17776] 27 Dec 07:12:48 - DB 0: 1 keys (0 volatile) in 4 slots HT.
[17776] 27 Dec 07:12:48 - 4 clients connected (0 slaves), 753064 bytes in use
[17776] 27 Dec 07:12:53 - DB 0: 1 keys (0 volatile) in 4 slots HT.
[17776] 27 Dec 07:12:53 - 4 clients connected (0 slaves), 753064 bytes in use
[17776] 27 Dec 07:12:58 - DB 0: 1 keys (0 volatile) in 4 slots HT.
[17776] 27 Dec 07:12:58 - 4 clients connected (0 slaves), 753064 bytes in use
[17776] 27 Dec 07:13:03 - DB 0: 1 keys (0 volatile) in 4 slots HT.
[17776] 27 Dec 07:13:03 - 4 clients connected (0 slaves), 753064 bytes in use
[17776] 27 Dec 07:13:08 - DB 0: 1 keys (0 volatile) in 4 slots HT.
[17776] 27 Dec 07:13:08 - 4 clients connected (0 slaves), 753064 bytes in use
[17776] 27 Dec 07:13:13 - DB 0: 1 keys (0 volatile) in 4 slots HT.
[17776] 27 Dec 07:13:13 - 4 clients connected (0 slaves), 753064 bytes in use
[17776] 27 Dec 07:13:18 - DB 0: 1 keys (0 volatile) in 4 slots HT.
[17776] 27 Dec 07:13:18 - 4 clients connected (0 slaves), 753064 bytes in use
[17776] 27 Dec 07:13:23 - DB 0: 1 keys (0 volatile) in 4 slots HT.
[17776] 27 Dec 07:13:23 - 4 clients connected (0 slaves), 753064 bytes in use
[17776] 27 Dec 07:13:28 - DB 0: 1 keys (0 volatile) in 4 slots HT.
[17776] 27 Dec 07:13:28 - 4 clients connected (0 slaves), 753064 bytes in use
[17776] 27 Dec 07:13:33 - DB 0: 1 keys (0 volatile) in 4 slots HT.
[17776] 27 Dec 07:13:33 - 4 clients connected (0 slaves), 753064 bytes in use
[17776] 27 Dec 07:13:38 - DB 0: 1 keys (0 volatile) in 4 slots HT.
[17776] 27 Dec 07:13:38 - 4 clients connected (0 slaves), 753064 bytes in use
[17776] 27 Dec 07:13:43 - DB 0: 1 keys (0 volatile) in 4 slots HT.
[17776] 27 Dec 07:13:43 - 4 clients connected (0 slaves), 753064 bytes in use
[17776] 27 Dec 07:13:48 - DB 0: 1 keys (0 volatile) in 4 slots HT.
[17776] 27 Dec 07:13:48 - 4 clients connected (0 slaves), 753064 bytes in use
[17776] 27 Dec 07:13:53 - DB 0: 1 keys (0 volatile) in 4 slots HT.
[17776] 27 Dec 07:13:53 - 4 clients connected (0 slaves), 753064 bytes in use
[17776] 27 Dec 07:13:58 - DB 0: 1 keys (0 volatile) in 4 slots HT.
[17776] 27 Dec 07:13:58 - 4 clients connected (0 slaves), 753064 bytes in use
[17776] 27 Dec 07:14:03 - DB 0: 1 keys (0 volatile) in 4 slots HT.
[17776] 27 Dec 07:14:03 - 4 clients connected (0 slaves), 753064 bytes in use
[17776] 27 Dec 07:14:08 - DB 0: 1 keys (0 volatile) in 4 slots HT.
[17776] 27 Dec 07:14:08 - 4 clients connected (0 slaves), 753064 bytes in use
[17776] 27 Dec 07:14:13 - DB 0: 1 keys (0 volatile) in 4 slots HT.
[17776] 27 Dec 07:14:13 - 4 clients connected (0 slaves), 753064 bytes in use
[17776] 27 Dec 07:14:18 - DB 0: 1 keys (0 volatile) in 4 slots HT.
[17776] 27 Dec 07:14:18 - 4 clients connected (0 slaves), 753064 bytes in use
[17776] 27 Dec 07:14:23 - DB 0: 1 keys (0 volatile) in 4 slots HT.
[17776] 27 Dec 07:14:23 - 4 clients connected (0 slaves), 753064 bytes in use
[17776] 27 Dec 07:14:28 - DB 0: 1 keys (0 volatile) in 4 slots HT.
[17776] 27 Dec 07:14:28 - 4 clients connected (0 slaves), 753064 bytes in use
[17776] 27 Dec 07:14:34 - DB 0: 1 keys (0 volatile) in 4 slots HT.
[17776] 27 Dec 07:14:34 - 4 clients connected (0 slaves), 753064 bytes in use
[17776] 27 Dec 07:14:39 - DB 0: 1 keys (0 volatile) in 4 slots HT.
[17776] 27 Dec 07:14:39 - 4 clients connected (0 slaves), 753064 bytes in use
[17776] 27 Dec 07:14:44 - DB 0: 1 keys (0 volatile) in 4 slots HT.
[17776] 27 Dec 07:14:44 - 4 clients connected (0 slaves), 753064 bytes in use
[17776] 27 Dec 07:14:49 - DB 0: 1 keys (0 volatile) in 4 slots HT.
[17776] 27 Dec 07:14:49 - 4 clients connected (0 slaves), 753064 bytes in use
[17776] 27 Dec 07:14:54 - DB 0: 1 keys (0 volatile) in 4 slots HT.
[17776] 27 Dec 07:14:54 - 4 clients connected (0 slaves), 753064 bytes in use
[17776] 27 Dec 07:14:59 - DB 0: 1 keys (0 volatile) in 4 slots HT.
[17776] 27 Dec 07:14:59 - 4 clients connected (0 slaves), 753064 bytes in use
[17776] 27 Dec 07:15:01 - Accepted 127.0.0.1:50424
[17776] 27 Dec 07:15:01 - Client closed connection
[17776] 27 Dec 07:15:01 - Accepted 127.0.0.1:50425
[17776] 27 Dec 07:15:01 - Client closed connection
[17776] 27 Dec 07:15:01 - Client closed connection
[17776] 27 Dec 07:15:01 - Client closed connection
[17776] 27 Dec 07:15:04 - DB 0: 1 keys (0 volatile) in 4 slots HT.
[17776] 27 Dec 07:15:04 - 2 clients connected (0 slaves), 735464 bytes in use
[17776] 27 Dec 07:15:09 - DB 0: 1 keys (0 volatile) in 4 slots HT.
[17776] 27 Dec 07:15:09 - 2 clients connected (0 slaves), 735464 bytes in use
[17776] 27 Dec 07:15:14 - DB 0: 1 keys (0 volatile) in 4 slots HT.
[17776] 27 Dec 07:15:14 - 2 clients connected (0 slaves), 735464 bytes in use
[17776] 27 Dec 07:15:19 - DB 0: 1 keys (0 volatile) in 4 slots HT.
[17776] 27 Dec 07:15:19 - 2 clients connected (0 slaves), 735464 bytes in use
[17776] 27 Dec 07:15:24 - DB 0: 1 keys (0 volatile) in 4 slots HT.
[17776] 27 Dec 07:15:24 - 2 clients connected (0 slaves), 735464 bytes in use
[17776] 27 Dec 07:15:25 - Accepted 127.0.0.1:50426
[17776] 27 Dec 07:15:25 - Client closed connection
[17776] 27 Dec 07:15:25 - Accepted 127.0.0.1:50427
[17776] 27 Dec 07:15:25 - Client closed connection
[17776] 27 Dec 07:15:25 - Client closed connection
[17776] 27 Dec 07:15:25 - Client closed connection
[17776] 27 Dec 07:15:29 - 0 clients connected (0 slaves), 717560 bytes in use
[17776] 27 Dec 07:15:31 - Accepted 127.0.0.1:50428
[17776] 27 Dec 07:15:31 - Accepted 127.0.0.1:50429
[17776] 27 Dec 07:15:34 - DB 0: 1 keys (0 volatile) in 4 slots HT.
[17776] 27 Dec 07:15:34 - 2 clients connected (0 slaves), 735464 bytes in use
[17776] 27 Dec 07:15:39 - DB 0: 1 keys (0 volatile) in 4 slots HT.
[17776] 27 Dec 07:15:39 - 2 clients connected (0 slaves), 735464 bytes in use
[17776] 27 Dec 07:15:44 - DB 0: 1 keys (0 volatile) in 4 slots HT.
[17776] 27 Dec 07:15:44 - 2 clients connected (0 slaves), 735464 bytes in use
[17776] 27 Dec 07:15:44 - Accepted 127.0.0.1:50430
[17776] 27 Dec 07:15:44 - Accepted 127.0.0.1:50431
[17776] 27 Dec 07:15:49 - DB 0: 1 keys (0 volatile) in 4 slots HT.
[17776] 27 Dec 07:15:49 - 4 clients connected (0 slaves), 753064 bytes in use
[17776] 27 Dec 07:15:54 - DB 0: 1 keys (0 volatile) in 4 slots HT.
[17776] 27 Dec 07:15:54 - 4 clients connected (0 slaves), 753064 bytes in use
[17776] 27 Dec 07:15:59 - DB 0: 1 keys (0 volatile) in 4 slots HT.
[17776] 27 Dec 07:15:59 - 4 clients connected (0 slaves), 753064 bytes in use
[17776] 27 Dec 07:16:00 - Accepted 127.0.0.1:50432
[17776] 27 Dec 07:16:00 - Client closed connection
[17776] 27 Dec 07:16:00 - Accepted 127.0.0.1:50433
[17776] 27 Dec 07:16:00 - Client closed connection
[17776] 27 Dec 07:16:00 - Client closed connection
[17776] 27 Dec 07:16:00 - Client closed connection
[17776] 27 Dec 07:16:04 - DB 0: 1 keys (0 volatile) in 4 slots HT.
[17776] 27 Dec 07:16:04 - 2 clients connected (0 slaves), 735464 bytes in use
[17776] 27 Dec 07:16:09 - DB 0: 1 keys (0 volatile) in 4 slots HT.
[17776] 27 Dec 07:16:09 - 2 clients connected (0 slaves), 735464 bytes in use
[17776] 27 Dec 07:16:14 - DB 0: 1 keys (0 volatile) in 4 slots HT.
[17776] 27 Dec 07:16:14 - 2 clients connected (0 slaves), 735464 bytes in use
[17776] 27 Dec 07:16:19 - DB 0: 1 keys (0 volatile) in 4 slots HT.
[17776] 27 Dec 07:16:19 - 2 clients connected (0 slaves), 735464 bytes in use
[17776] 27 Dec 07:16:24 - DB 0: 1 keys (0 volatile) in 4 slots HT.
[17776] 27 Dec 07:16:24 - 2 clients connected (0 slaves), 735464 bytes in use
[17776] 27 Dec 07:16:29 - DB 0: 1 keys (0 volatile) in 4 slots HT.
[17776] 27 Dec 07:16:29 - 2 clients connected (0 slaves), 735464 bytes in use
[17776] 27 Dec 07:16:34 - DB 0: 1 keys (0 volatile) in 4 slots HT.
[17776] 27 Dec 07:16:34 - 2 clients connected (0 slaves), 735464 bytes in use
[17776] 27 Dec 07:16:39 - DB 0: 1 keys (0 volatile) in 4 slots HT.
[17776] 27 Dec 07:16:39 - 2 clients connected (0 slaves), 735464 bytes in use
[17776] 27 Dec 07:16:44 - DB 0: 1 keys (0 volatile) in 4 slots HT.
[17776] 27 Dec 07:16:44 - 2 clients connected (0 slaves), 735464 bytes in use
[17776] 27 Dec 07:16:49 - DB 0: 1 keys (0 volatile) in 4 slots HT.
[17776] 27 Dec 07:16:49 - 2 clients connected (0 slaves), 735464 bytes in use
[17776] 27 Dec 07:16:54 - DB 0: 1 keys (0 volatile) in 4 slots HT.
[17776] 27 Dec 07:16:54 - 2 clients connected (0 slaves), 735464 bytes in use
[17776] 27 Dec 07:16:59 - DB 0: 1 keys (0 volatile) in 4 slots HT.
[17776] 27 Dec 07:16:59 - 2 clients connected (0 slaves), 735464 bytes in use
[17776] 27 Dec 07:17:04 - DB 0: 1 keys (0 volatile) in 4 slots HT.
[17776] 27 Dec 07:17:04 - 2 clients connected (0 slaves), 735464 bytes in use
[17776] 27 Dec 07:17:09 - DB 0: 1 keys (0 volatile) in 4 slots HT.
[17776] 27 Dec 07:17:09 - 2 clients connected (0 slaves), 735464 bytes in use
[17776] 27 Dec 07:17:14 - DB 0: 1 keys (0 volatile) in 4 slots HT.
[17776] 27 Dec 07:17:14 - 2 clients connected (0 slaves), 735464 bytes in use
[17776] 27 Dec 07:17:19 - DB 0: 1 keys (0 volatile) in 4 slots HT.
[17776] 27 Dec 07:17:19 - 2 clients connected (0 slaves), 735464 bytes in use
[17776] 27 Dec 07:17:24 - DB 0: 1 keys (0 volatile) in 4 slots HT.
[17776] 27 Dec 07:17:24 - 2 clients connected (0 slaves), 735464 bytes in use
[17776] 27 Dec 07:17:29 - Accepted 127.0.0.1:50434
[17776] 27 Dec 07:17:29 - Client closed connection
[17776] 27 Dec 07:17:29 - Accepted 127.0.0.1:50435
[17776] 27 Dec 07:17:29 - Client closed connection
[17776] 27 Dec 07:17:29 - Client closed connection
[17776] 27 Dec 07:17:29 - Client closed connection
[17776] 27 Dec 07:17:29 - 0 clients connected (0 slaves), 717560 bytes in use
[17776] 27 Dec 07:17:34 - 0 clients connected (0 slaves), 717560 bytes in use
[17776] 27 Dec 07:17:39 - 0 clients connected (0 slaves), 717560 bytes in use
[17776] 27 Dec 07:17:44 - 0 clients connected (0 slaves), 717560 bytes in use
[17776] 27 Dec 07:17:49 - 0 clients connected (0 slaves), 717560 bytes in use
[17776] 27 Dec 07:17:54 - 0 clients connected (0 slaves), 717560 bytes in use
[17776] 27 Dec 07:17:59 - 0 clients connected (0 slaves), 717560 bytes in use
[17776] 27 Dec 07:18:04 - 0 clients connected (0 slaves), 717560 bytes in use
[17776] 27 Dec 07:18:09 - 0 clients connected (0 slaves), 717560 bytes in use
[17776] 27 Dec 07:18:12 - Accepted 127.0.0.1:50436
[17776] 27 Dec 07:18:12 - Accepted 127.0.0.1:50437
[17776] 27 Dec 07:18:14 - DB 0: 1 keys (0 volatile) in 4 slots HT.
[17776] 27 Dec 07:18:14 - 2 clients connected (0 slaves), 735464 bytes in use
[17776] 27 Dec 07:18:19 - Accepted 127.0.0.1:50438
[17776] 27 Dec 07:18:19 - Accepted 127.0.0.1:50439
[17776] 27 Dec 07:18:19 - DB 0: 1 keys (0 volatile) in 4 slots HT.
[17776] 27 Dec 07:18:19 - 4 clients connected (0 slaves), 753064 bytes in use
[17776] 27 Dec 07:18:24 - DB 0: 1 keys (0 volatile) in 4 slots HT.
[17776] 27 Dec 07:18:24 - 4 clients connected (0 slaves), 753064 bytes in use
[17776] 27 Dec 07:18:29 - DB 0: 1 keys (0 volatile) in 4 slots HT.
[17776] 27 Dec 07:18:29 - 4 clients connected (0 slaves), 753064 bytes in use
[17776] 27 Dec 07:18:34 - DB 0: 1 keys (0 volatile) in 4 slots HT.
[17776] 27 Dec 07:18:34 - 4 clients connected (0 slaves), 753064 bytes in use
[17776] 27 Dec 07:18:39 - DB 0: 1 keys (0 volatile) in 4 slots HT.
[17776] 27 Dec 07:18:39 - 4 clients connected (0 slaves), 753064 bytes in use
[17776] 27 Dec 07:18:44 - DB 0: 1 keys (0 volatile) in 4 slots HT.
[17776] 27 Dec 07:18:44 - 4 clients connected (0 slaves), 753064 bytes in use
[17776] 27 Dec 07:18:49 - DB 0: 1 keys (0 volatile) in 4 slots HT.
[17776] 27 Dec 07:18:49 - 4 clients connected (0 slaves), 753064 bytes in use
[17776] 27 Dec 07:18:54 - DB 0: 1 keys (0 volatile) in 4 slots HT.
[17776] 27 Dec 07:18:54 - 4 clients connected (0 slaves), 753064 bytes in use
[17776] 27 Dec 07:18:59 - DB 0: 1 keys (0 volatile) in 4 slots HT.
[17776] 27 Dec 07:18:59 - 4 clients connected (0 slaves), 753064 bytes in use
[17776] 27 Dec 07:19:04 - DB 0: 1 keys (0 volatile) in 4 slots HT.
[17776] 27 Dec 07:19:04 - 4 clients connected (0 slaves), 753064 bytes in use
[17776] 27 Dec 07:19:09 - DB 0: 1 keys (0 volatile) in 4 slots HT.
[17776] 27 Dec 07:19:09 - 4 clients connected (0 slaves), 753064 bytes in use
[17776] 27 Dec 07:19:14 - DB 0: 1 keys (0 volatile) in 4 slots HT.
[17776] 27 Dec 07:19:14 - 4 clients connected (0 slaves), 753064 bytes in use
[17776] 27 Dec 07:19:19 - DB 0: 1 keys (0 volatile) in 4 slots HT.
[17776] 27 Dec 07:19:19 - 4 clients connected (0 slaves), 753064 bytes in use
[17776] 27 Dec 07:19:24 - DB 0: 1 keys (0 volatile) in 4 slots HT.
[17776] 27 Dec 07:19:24 - 4 clients connected (0 slaves), 753064 bytes in use
[17776] 27 Dec 07:19:29 - DB 0: 1 keys (0 volatile) in 4 slots HT.
[17776] 27 Dec 07:19:29 - 4 clients connected (0 slaves), 753064 bytes in use
[17776] 27 Dec 07:19:34 - DB 0: 1 keys (0 volatile) in 4 slots HT.
[17776] 27 Dec 07:19:34 - 4 clients connected (0 slaves), 753064 bytes in use
[17776] 27 Dec 07:19:39 - DB 0: 1 keys (0 volatile) in 4 slots HT.
[17776] 27 Dec 07:19:39 - 4 clients connected (0 slaves), 753064 bytes in use
[17776] 27 Dec 07:19:44 - DB 0: 1 keys (0 volatile) in 4 slots HT.
[17776] 27 Dec 07:19:44 - 4 clients connected (0 slaves), 753064 bytes in use
[17776] 27 Dec 07:19:49 - DB 0: 1 keys (0 volatile) in 4 slots HT.
[17776] 27 Dec 07:19:49 - 4 clients connected (0 slaves), 753064 bytes in use
[17776] 27 Dec 07:19:54 - DB 0: 1 keys (0 volatile) in 4 slots HT.
[17776] 27 Dec 07:19:54 - 4 clients connected (0 slaves), 753064 bytes in use
[17776] 27 Dec 07:19:59 - DB 0: 1 keys (0 volatile) in 4 slots HT.
[17776] 27 Dec 07:19:59 - 4 clients connected (0 slaves), 753064 bytes in use
[17776] 27 Dec 07:20:04 - DB 0: 1 keys (0 volatile) in 4 slots HT.
[17776] 27 Dec 07:20:04 - 4 clients connected (0 slaves), 753064 bytes in use
[17776] 27 Dec 07:20:09 - DB 0: 1 keys (0 volatile) in 4 slots HT.
[17776] 27 Dec 07:20:09 - 4 clients connected (0 slaves), 753064 bytes in use
[17776] 27 Dec 07:20:13 - Accepted 127.0.0.1:50440
[17776] 27 Dec 07:20:13 - Client closed connection
[17776] 27 Dec 07:20:13 - Accepted 127.0.0.1:50441
[17776] 27 Dec 07:20:13 - Client closed connection
[17776] 27 Dec 07:20:13 - Client closed connection
[17776] 27 Dec 07:20:13 - Client closed connection
[17776] 27 Dec 07:20:14 - DB 0: 1 keys (0 volatile) in 4 slots HT.
[17776] 27 Dec 07:20:14 - 2 clients connected (0 slaves), 735464 bytes in use
[17776] 27 Dec 07:20:19 - DB 0: 1 keys (0 volatile) in 4 slots HT.
[17776] 27 Dec 07:20:19 - 2 clients connected (0 slaves), 735464 bytes in use
[17776] 27 Dec 07:20:24 - DB 0: 1 keys (0 volatile) in 4 slots HT.
[17776] 27 Dec 07:20:24 - 2 clients connected (0 slaves), 735464 bytes in use
[17776] 27 Dec 07:20:29 - DB 0: 1 keys (0 volatile) in 4 slots HT.
[17776] 27 Dec 07:20:29 - 2 clients connected (0 slaves), 735464 bytes in use
[17776] 27 Dec 07:20:34 - DB 0: 1 keys (0 volatile) in 4 slots HT.
[17776] 27 Dec 07:20:34 - 2 clients connected (0 slaves), 735464 bytes in use
[17776] 27 Dec 07:20:39 - DB 0: 1 keys (0 volatile) in 4 slots HT.
[17776] 27 Dec 07:20:39 - 2 clients connected (0 slaves), 735464 bytes in use
[17776] 27 Dec 07:20:44 - DB 0: 1 keys (0 volatile) in 4 slots HT.
[17776] 27 Dec 07:20:44 - 2 clients connected (0 slaves), 735464 bytes in use
[17776] 27 Dec 07:20:49 - DB 0: 1 keys (0 volatile) in 4 slots HT.
[17776] 27 Dec 07:20:49 - 2 clients connected (0 slaves), 735464 bytes in use
[17776] 27 Dec 07:20:54 - DB 0: 1 keys (0 volatile) in 4 slots HT.
[17776] 27 Dec 07:20:54 - 2 clients connected (0 slaves), 735464 bytes in use
[17776] 27 Dec 07:20:59 - DB 0: 1 keys (0 volatile) in 4 slots HT.
[17776] 27 Dec 07:20:59 - 2 clients connected (0 slaves), 735464 bytes in use
[17776] 27 Dec 07:21:04 - DB 0: 1 keys (0 volatile) in 4 slots HT.
[17776] 27 Dec 07:21:04 - 2 clients connected (0 slaves), 735464 bytes in use
[17776] 27 Dec 07:21:09 - DB 0: 1 keys (0 volatile) in 4 slots HT.
[17776] 27 Dec 07:21:09 - 2 clients connected (0 slaves), 735464 bytes in use
[17776] 27 Dec 07:21:14 - DB 0: 1 keys (0 volatile) in 4 slots HT.
[17776] 27 Dec 07:21:14 - 2 clients connected (0 slaves), 735464 bytes in use
[17776] 27 Dec 07:21:19 - DB 0: 1 keys (0 volatile) in 4 slots HT.
[17776] 27 Dec 07:21:19 - 2 clients connected (0 slaves), 735464 bytes in use
[17776] 27 Dec 07:21:24 - DB 0: 1 keys (0 volatile) in 4 slots HT.
[17776] 27 Dec 07:21:24 - 2 clients connected (0 slaves), 735464 bytes in use
[17776] 27 Dec 07:21:29 - DB 0: 1 keys (0 volatile) in 4 slots HT.
[17776] 27 Dec 07:21:29 - 2 clients connected (0 slaves), 735464 bytes in use
[17776] 27 Dec 07:21:34 - DB 0: 1 keys (0 volatile) in 4 slots HT.
[17776] 27 Dec 07:21:34 - 2 clients connected (0 slaves), 735464 bytes in use
[17776] 27 Dec 07:21:39 - DB 0: 1 keys (0 volatile) in 4 slots HT.
[17776] 27 Dec 07:21:39 - 2 clients connected (0 slaves), 735464 bytes in use
[17776] 27 Dec 07:21:44 - DB 0: 1 keys (0 volatile) in 4 slots HT.
[17776] 27 Dec 07:21:44 - 2 clients connected (0 slaves), 735464 bytes in use
[17776] 27 Dec 07:21:45 - Accepted 127.0.0.1:50446
[17776] 27 Dec 07:21:45 - Client closed connection
[17776] 27 Dec 07:21:45 - Accepted 127.0.0.1:50447
[17776] 27 Dec 07:21:45 - Client closed connection
[17776] 27 Dec 07:21:45 - Client closed connection
[17776] 27 Dec 07:21:45 - Client closed connection
[17776] 27 Dec 07:21:49 - 0 clients connected (0 slaves), 717560 bytes in use
[17776] 27 Dec 07:21:50 - Accepted 127.0.0.1:50448
[17776] 27 Dec 07:21:50 - Accepted 127.0.0.1:50449
[17776] 27 Dec 07:21:54 - DB 0: 1 keys (0 volatile) in 4 slots HT.
[17776] 27 Dec 07:21:54 - 2 clients connected (0 slaves), 735464 bytes in use
[17776] 27 Dec 07:21:56 - Accepted 127.0.0.1:50450
[17776] 27 Dec 07:21:56 - Accepted 127.0.0.1:50451
[17776] 27 Dec 07:21:59 - DB 0: 1 keys (0 volatile) in 4 slots HT.
[17776] 27 Dec 07:21:59 - 4 clients connected (0 slaves), 753064 bytes in use
[17776] 27 Dec 07:22:05 - DB 0: 1 keys (0 volatile) in 4 slots HT.
[17776] 27 Dec 07:22:05 - 4 clients connected (0 slaves), 753064 bytes in use
[17776] 27 Dec 07:22:10 - DB 0: 1 keys (0 volatile) in 4 slots HT.
[17776] 27 Dec 07:22:10 - 4 clients connected (0 slaves), 753064 bytes in use
[17776] 27 Dec 07:22:15 - DB 0: 1 keys (0 volatile) in 4 slots HT.
[17776] 27 Dec 07:22:15 - 4 clients connected (0 slaves), 753064 bytes in use
[17776] 27 Dec 07:22:20 - DB 0: 1 keys (0 volatile) in 4 slots HT.
[17776] 27 Dec 07:22:20 - 4 clients connected (0 slaves), 753064 bytes in use
[17776] 27 Dec 07:22:25 - DB 0: 1 keys (0 volatile) in 4 slots HT.
[17776] 27 Dec 07:22:25 - 4 clients connected (0 slaves), 753064 bytes in use
[17776] 27 Dec 07:22:30 - DB 0: 1 keys (0 volatile) in 4 slots HT.
[17776] 27 Dec 07:22:30 - 4 clients connected (0 slaves), 753064 bytes in use
[17776] 27 Dec 07:22:35 - DB 0: 1 keys (0 volatile) in 4 slots HT.
[17776] 27 Dec 07:22:35 - 4 clients connected (0 slaves), 753064 bytes in use
[17776] 27 Dec 07:22:40 - DB 0: 1 keys (0 volatile) in 4 slots HT.
[17776] 27 Dec 07:22:40 - 4 clients connected (0 slaves), 753064 bytes in use
[17776] 27 Dec 07:22:45 - DB 0: 1 keys (0 volatile) in 4 slots HT.
[17776] 27 Dec 07:22:45 - 4 clients connected (0 slaves), 753064 bytes in use
[17776] 27 Dec 07:22:50 - DB 0: 1 keys (0 volatile) in 4 slots HT.
[17776] 27 Dec 07:22:50 - 4 clients connected (0 slaves), 753064 bytes in use
[17776] 27 Dec 07:22:55 - DB 0: 1 keys (0 volatile) in 4 slots HT.
[17776] 27 Dec 07:22:55 - 4 clients connected (0 slaves), 753064 bytes in use
[17776] 27 Dec 07:23:00 - DB 0: 1 keys (0 volatile) in 4 slots HT.
[17776] 27 Dec 07:23:00 - 4 clients connected (0 slaves), 753064 bytes in use
[17776] 27 Dec 07:23:05 - DB 0: 1 keys (0 volatile) in 4 slots HT.
[17776] 27 Dec 07:23:05 - 4 clients connected (0 slaves), 753064 bytes in use
[17776] 27 Dec 07:23:10 - DB 0: 1 keys (0 volatile) in 4 slots HT.
[17776] 27 Dec 07:23:10 - 4 clients connected (0 slaves), 753064 bytes in use
[17776] 27 Dec 07:23:15 - DB 0: 1 keys (0 volatile) in 4 slots HT.
[17776] 27 Dec 07:23:15 - 4 clients connected (0 slaves), 753064 bytes in use
[17776] 27 Dec 07:23:20 - DB 0: 1 keys (0 volatile) in 4 slots HT.
[17776] 27 Dec 07:23:20 - 4 clients connected (0 slaves), 753064 bytes in use
[17776] 27 Dec 07:23:25 - DB 0: 1 keys (0 volatile) in 4 slots HT.
[17776] 27 Dec 07:23:25 - 4 clients connected (0 slaves), 753064 bytes in use
[17776] 27 Dec 07:23:30 - DB 0: 1 keys (0 volatile) in 4 slots HT.
[17776] 27 Dec 07:23:30 - 4 clients connected (0 slaves), 753064 bytes in use
[17776] 27 Dec 07:23:35 - DB 0: 1 keys (0 volatile) in 4 slots HT.
[17776] 27 Dec 07:23:35 - 4 clients connected (0 slaves), 753064 bytes in use
[17776] 27 Dec 07:23:40 - DB 0: 1 keys (0 volatile) in 4 slots HT.
[17776] 27 Dec 07:23:40 - 4 clients connected (0 slaves), 753064 bytes in use
[17776] 27 Dec 07:23:45 - DB 0: 1 keys (0 volatile) in 4 slots HT.
[17776] 27 Dec 07:23:45 - 4 clients connected (0 slaves), 753064 bytes in use
[17776] 27 Dec 07:23:49 - Accepted 127.0.0.1:50452
[17776] 27 Dec 07:23:49 - Client closed connection
[17776] 27 Dec 07:23:49 - Accepted 127.0.0.1:50453
[17776] 27 Dec 07:23:49 - Client closed connection
[17776] 27 Dec 07:23:49 - Client closed connection
[17776] 27 Dec 07:23:49 - Client closed connection
[17776] 27 Dec 07:23:50 - DB 0: 1 keys (0 volatile) in 4 slots HT.
[17776] 27 Dec 07:23:50 - 2 clients connected (0 slaves), 735464 bytes in use
[17776] 27 Dec 07:23:55 - DB 0: 1 keys (0 volatile) in 4 slots HT.
[17776] 27 Dec 07:23:55 - 2 clients connected (0 slaves), 735464 bytes in use
[17776] 27 Dec 07:24:00 - DB 0: 1 keys (0 volatile) in 4 slots HT.
[17776] 27 Dec 07:24:00 - 2 clients connected (0 slaves), 735464 bytes in use
